<?xml version="1.0" encoding="UTF-8"?>
<!-- Generated by org.testng.reporters.JUnitXMLReporter -->
<testsuite ignored="0" hostname="Swarnas" failures="0" tests="4" name="Test" time="0.146" errors="0" timestamp="2026-03-18T19:23:54 IST">
  <testcase classname="sampleTest" name="@BeforeTest getBrowserName" time="0.034">
    <failure type="java.lang.NullPointerException" message="Cannot invoke &amp;quot;String.equalsIgnoreCase(String)&amp;quot; because &amp;quot;this.browsername&amp;quot; is null">
      <![CDATA[java.lang.NullPointerException: Cannot invoke "String.equalsIgnoreCase(String)" because "this.browsername" is null
at sampleTest.getBrowserName(sampleTest.java:16)
... Removed 22 stack frames]]>
    </failure>
  </testcase> <!-- @BeforeTest getBrowserName -->
  <testcase classname="sampleTest" name="getURLEdge1" time="0.0">
    <skipped/>
  </testcase> <!-- getURLEdge1 -->
  <testcase classname="sampleTest2" name="getURLChrome1" time="0.0">
    <skipped/>
  </testcase> <!-- getURLChrome1 -->
  <testcase classname="sampleTest" name="getURLEdge2" time="0.0">
    <skipped/>
  </testcase> <!-- getURLEdge2 -->
  <testcase classname="sampleTest2" name="getURLChrome2" time="0.0">
    <skipped/>
  </testcase> <!-- getURLChrome2 -->
</testsuite> <!-- Test -->
