<?xml version="1.0" encoding="UTF-8"?>
<!-- Generated by org.testng.reporters.JUnitXMLReporter -->
<testsuite ignored="0" hostname="Swarnas" failures="0" tests="4" name="Test" time="24.82" errors="0" timestamp="2026-03-18T23:24:34 IST">
  <testcase classname="sampleTest" name="getURLEdge1" time="4.976"/>
  <testcase classname="sampleTest" name="getURLEdge2" time="2.157"/>
  <testcase classname="sampleTest2" name="getURLEdge1" time="14.28"/>
  <testcase classname="sampleTest2" name="getURLEdge2" time="10.431"/>
</testsuite> <!-- Test -->
