<?xml version="1.0" encoding="UTF-8"?>
<testng-results ignored="0" total="4" passed="4" failed="0" skipped="0">
  <reporter-output>
  </reporter-output>
  <suite started-at="2026-03-18T23:24:09 IST" name="Suite" finished-at="2026-03-18T23:24:34 IST" duration-ms="24820">
    <groups>
    </groups>
    <test started-at="2026-03-18T23:24:09 IST" name="Test" finished-at="2026-03-18T23:24:34 IST" duration-ms="24820">
      <class name="sampleTest">
        <test-method is-config="true" signature="getBrowserName()[pri:0, instance:sampleTest@1817d444]" started-at="2026-03-18T23:24:09 IST" name="getBrowserName" finished-at="2026-03-18T23:24:12 IST" duration-ms="2782" status="PASS">
          <reporter-output>
          </reporter-output>
        </test-method> <!-- getBrowserName -->
        <test-method signature="getURLEdge1()[pri:0, instance:sampleTest@1817d444]" started-at="2026-03-18T23:24:12 IST" name="getURLEdge1" finished-at="2026-03-18T23:24:17 IST" duration-ms="4976" status="PASS">
          <reporter-output>
          </reporter-output>
        </test-method> <!-- getURLEdge1 -->
        <test-method is-config="true" signature="getBrowserName()[pri:0, instance:sampleTest@1817d444]" started-at="2026-03-18T23:24:17 IST" name="getBrowserName" finished-at="2026-03-18T23:24:19 IST" duration-ms="1915" status="PASS">
          <reporter-output>
          </reporter-output>
        </test-method> <!-- getBrowserName -->
        <test-method signature="getURLEdge2()[pri:0, instance:sampleTest@1817d444]" started-at="2026-03-18T23:24:19 IST" name="getURLEdge2" finished-at="2026-03-18T23:24:21 IST" duration-ms="2157" status="PASS">
          <reporter-output>
          </reporter-output>
        </test-method> <!-- getURLEdge2 -->
      </class> <!-- sampleTest -->
      <class name="sampleTest2">
        <test-method signature="getURLEdge1()[pri:0, instance:sampleTest2@dbf57b3]" started-at="2026-03-18T23:24:09 IST" name="getURLEdge1" finished-at="2026-03-18T23:24:23 IST" duration-ms="14280" status="PASS">
          <reporter-output>
          </reporter-output>
        </test-method> <!-- getURLEdge1 -->
        <test-method signature="getURLEdge2()[pri:0, instance:sampleTest2@dbf57b3]" started-at="2026-03-18T23:24:23 IST" name="getURLEdge2" finished-at="2026-03-18T23:24:34 IST" duration-ms="10431" status="PASS">
          <reporter-output>
          </reporter-output>
        </test-method> <!-- getURLEdge2 -->
      </class> <!-- sampleTest2 -->
    </test> <!-- Test -->
  </suite> <!-- Suite -->
</testng-results>
