<?xml version="1.0" encoding="UTF-8"?>
<!-- Generated by org.testng.reporters.JUnitReportReporter -->
<testsuite hostname="Swarnas" failures="0" tests="2" name="sampleTest2" time="0.000" errors="0" timestamp="2026-03-18T19:23:54 IST" skipped="2">
  <testcase classname="sampleTest2" name="getURLChrome2" time="0.000">
    <skipped/>
  </testcase> <!-- getURLChrome2 -->
  <testcase classname="sampleTest2" name="getURLChrome1" time="0.000">
    <skipped/>
  </testcase> <!-- getURLChrome1 -->
</testsuite> <!-- sampleTest2 -->
